[2026-06-05T17:25:47.447Z] GET http://localhost:3002/cms/project-b → 200 (2ms, 368B)
[2026-06-05T17:25:47.451Z] GET http://localhost:3002/@vite/client → 200 (7ms, 210079B)
[2026-06-05T17:25:47.452Z] GET http://localhost:3002/src/main.jsx?t=1780676184538 → 200 (7ms, 88469B)
[2026-06-05T17:25:47.459Z] GET http://localhost:3002/node_modules/.pnpm/vite@8.0.16_esbuild@0.27.0/node_modules/vite/dist/client/env.mjs → 200 (10ms, 3478B)
[2026-06-05T17:25:47.461Z] GET http://localhost:3002/node_modules/.vite/deps/react.js?v=c6805b8f → 200 (10ms, 755B)
[2026-06-05T17:25:47.461Z] GET http://localhost:3002/node_modules/.vite/deps/react-dom_client.js?v=c6805b8f → 200 (23ms, 835442B)
[2026-06-05T17:25:47.461Z] GET http://localhost:3002/node_modules/.vite/deps/convex_react.js?v=c6805b8f → 200 (17ms, 141485B)
[2026-06-05T17:25:47.461Z] GET http://localhost:3002/convex/_generated/api.js → 200 (13ms, 2726B)
[2026-06-05T17:25:47.461Z] GET http://localhost:3002/src/CollectionBrowserPanel.jsx → 200 (14ms, 10784B)
[2026-06-05T17:25:47.461Z] GET http://localhost:3002/src/CollectionsRailSection.jsx → 200 (13ms, 4532B)
[2026-06-05T17:25:47.461Z] GET http://localhost:3002/src/RecordPanel.jsx → 200 (14ms, 55852B)
[2026-06-05T17:25:47.461Z] GET http://localhost:3002/src/hooks/useCmsProject.ts → 200 (14ms, 6147B)
[2026-06-05T17:25:47.461Z] GET http://localhost:3002/src/hooks/useFieldManager.ts → 200 (14ms, 9335B)
[2026-06-05T17:25:47.461Z] GET http://localhost:3002/src/hooks/useIframeMessaging.ts?t=1780676184538 → 200 (14ms, 8420B)
[2026-06-05T17:25:47.461Z] GET http://localhost:3002/src/style.css → 200 (15ms, 23841B)
[2026-06-05T17:25:47.461Z] GET http://localhost:3002/node_modules/.vite/deps/react_jsx-dev-runtime.js?v=c6805b8f → 200 (15ms, 10574B)
[2026-06-05T17:25:47.474Z] GET http://localhost:3002/node_modules/.vite/deps/react-eG8QMubX.js?v=c6805b8f → 200 (11ms, 39383B)
[2026-06-05T17:25:47.478Z] GET http://localhost:3002/node_modules/.vite/deps/convex_server.js?v=c6805b8f → 200 (7ms, 86681B)
[2026-06-05T17:25:47.478Z] GET http://localhost:3002/src/humanize.js → 200 (6ms, 9095B)
[2026-06-05T17:25:47.478Z] GET http://localhost:3002/node_modules/.vite/deps/api-CGeynpyQ.js?v=c6805b8f → 200 (7ms, 16798B)
[2026-06-05T17:25:47.503Z] GET https://fonts.googleapis.com/css2?family=Inter:wght@400;500;600;700&family=Space+Mono&display=swap → 200 (71ms, 11142B)
[2026-06-05T17:25:47.583Z] GET https://fonts.gstatic.com/s/inter/v20/UcC73FwrK3iLTeHuS_nVMrMxCp50SjIa1ZL7.woff2 → 200 (58ms, 48256B)
[2026-06-05T17:25:47.583Z] GET https://fonts.gstatic.com/s/spacemono/v17/i7dPIFZifjKcF5UAWdDRYEF8RQ.woff2 → 200 (59ms, 16520B)
[2026-06-05T17:25:47.775Z] GET http://localhost:3003/?edit=1&parent=http%3A%2F%2Flocalhost%3A3002 → 200 (2ms, 716B)
[2026-06-05T17:25:47.779Z] GET http://localhost:3003/@vite/client → 200 (18ms, 210079B)
[2026-06-05T17:25:47.779Z] GET https://fonts.googleapis.com/css2?family=Cormorant+Garamond:ital,wght@0,400;0,600;0,700;1,400;1,600&family=Plus+Jakarta+Sans:wght@300;400;500;600&display=swap → 200 (75ms, 16798B)
[2026-06-05T17:25:47.779Z] GET http://localhost:3003/src/main.jsx → 200 (19ms, 76401B)
[2026-06-05T17:25:47.798Z] GET http://localhost:3003/@fs/home/shami/workspaces/avantech-cms/node_modules/.pnpm/vite@8.0.14/node_modules/vite/dist/client/env.mjs → 200 (9ms, 3478B)
[2026-06-05T17:25:47.799Z] GET http://localhost:3003/node_modules/.vite/deps/react.js?v=505e56e3 → 200 (9ms, 755B)
[2026-06-05T17:25:47.799Z] GET http://localhost:3003/node_modules/.vite/deps/react-dom_client.js?v=505e56e3 → 200 (19ms, 835478B)
[2026-06-05T17:25:47.799Z] GET http://localhost:3003/node_modules/.vite/deps/convex_react.js?v=505e56e3 → 200 (12ms, 157524B)
[2026-06-05T17:25:47.799Z] GET http://localhost:3003/@fs/home/shami/workspaces/avantech-cms/examples/shared/useCmsPage.jsx → 200 (10ms, 14624B)
[2026-06-05T17:25:47.799Z] GET http://localhost:3003/src/style.css → 200 (11ms, 18858B)
[2026-06-05T17:25:47.799Z] GET http://localhost:3003/node_modules/.vite/deps/react_jsx-dev-runtime.js?v=505e56e3 → 200 (11ms, 10586B)
[2026-06-05T17:25:47.808Z] GET http://localhost:3003/node_modules/.vite/deps/react-DwVBLYev.js?v=505e56e3 → 200 (2ms, 39395B)
[2026-06-05T17:25:47.890Z] GET http://localhost:3003/images/sable-contract-workspace.png → 200 (36ms, 1384055B)
[2026-06-05T17:25:47.924Z] GET https://fonts.gstatic.com/s/cormorantgaramond/v21/co3bmX5slCNuHLi8bLeY9MK7whWMhyjYqXtK.woff2 → 200 (23ms, 37640B)
[2026-06-05T17:25:47.925Z] GET https://fonts.gstatic.com/s/plusjakartasans/v12/LDIoaomQNQcsA88c7O9yZ4KMCoOg4Ko20yw.woff2 → 200 (41ms, 27348B)
[2026-06-05T17:25:47.925Z] GET https://fonts.gstatic.com/s/cormorantgaramond/v21/co3ZmX5slCNuHLi8bLeY9MK7whWMhyjYrEtImSo.woff2 → 200 (46ms, 39260B)
[2026-06-05T17:25:47.931Z] GET http://localhost:3003/bridge.js → 200 (16ms, 14345B)
[2026-06-05T17:25:47.960Z] GET https://healthy-fox-966.convex.cloud/api/storage/d26b2360-3e60-45c7-bf84-c8fe6d3f4298 → pending (?ms, ?B)
[2026-06-05T17:25:48.047Z] GET convex-storage:kg2cm6x8t9gd3r75qyms9pm68s87ts7b → pending (?ms, ?B)
[2026-06-05T17:25:48.140Z] GET https://healthy-fox-966.convex.cloud/api/storage/dfe171c6-fc36-4d8c-92b5-b7dd6563d1d0 → pending (?ms, ?B)
[2026-06-05T17:25:48.140Z] GET https://healthy-fox-966.convex.cloud/api/storage/7dbf4c5c-bb12-4d51-960d-77d4851ec85d → pending (?ms, ?B)
[2026-06-05T17:25:48.140Z] GET https://healthy-fox-966.convex.cloud/api/storage/ea45a2ca-09ed-43ae-98ac-c39538f174bd → pending (?ms, ?B)
